<?xml version="1.0" encoding="UTF-8"?>
<!-- Generated by org.testng.reporters.JUnitReportReporter -->
<testsuite hostname="bkher-C02GJ28QMD6N" failures="0" tests="2" name="practiceTest.TestHomePageBeforeLogin" time="15.465" errors="0" timestamp="24 Jan 2022 12:06:51 GMT" skipped="0">
  <testcase classname="practiceTest.TestHomePageBeforeLogin" name="verifyHomepageLinks" time="4.986"/>
  <testcase classname="practiceTest.TestHomePageBeforeLogin" name="VerifyYourfeedtab" time="10.479"/>
</testsuite> <!-- practiceTest.TestHomePageBeforeLogin -->
