<?xml version="1.0" encoding="UTF-8"?>
<!-- Generated by org.testng.reporters.JUnitReportReporter -->
<testsuite hostname="bkher-C02GJ28QMD6N" failures="0" tests="7" name="practiceTest.TestSignUpPage" time="9.108" errors="0" timestamp="24 Jan 2022 12:06:51 GMT" skipped="1">
  <testcase classname="practiceTest.TestSignUpPage" name="VerifyHeaderext" time="0.850"/>
  <testcase classname="practiceTest.TestSignUpPage" name="CheckSignupButton" time="1.937"/>
  <testcase classname="practiceTest.TestSignUpPage" name="CheckSignupButtonAllFieldEmpty" time="0.351"/>
  <testcase classname="practiceTest.TestSignUpPage" name="CheckSignupButtonWhenEmilIsEntered" time="1.787"/>
  <testcase classname="practiceTest.TestSignUpPage" name="CheckSignupButtonWhenPasswordIsEntered" time="2.199"/>
  <testcase classname="practiceTest.TestSignUpPage" name="CheckSignupButtonWithValidData" time="1.984"/>
  <testcase classname="practiceTest.TestSignUpPage" name="LoginWithvalidCredentials">
    <skipped/>
  </testcase> <!-- LoginWithvalidCredentials -->
</testsuite> <!-- practiceTest.TestSignUpPage -->
