<?xml version="1.0" encoding="UTF-8"?>
<!-- Generated by org.testng.reporters.JUnitReportReporter -->
<testsuite hostname="bkher-C02GJ28QMD6N" failures="0" tests="5" name="practiceTest.TestAlertUrlPage" time="8.866" errors="0" timestamp="24 Jan 2022 12:06:51 GMT" skipped="0">
  <testcase classname="practiceTest.TestAlertUrlPage" name="LoginWithInvalidCredentials" time="1.498"/>
  <testcase classname="practiceTest.TestAlertUrlPage" name="LoginWithEmptyusernameCredentials" time="0.977"/>
  <testcase classname="practiceTest.TestAlertUrlPage" name="LoginWithEmptypasswordCredentials" time="0.938"/>
  <testcase classname="practiceTest.TestAlertUrlPage" name="LoginWithEmptyusernamePasswordCredentials" time="2.042"/>
  <testcase classname="practiceTest.TestAlertUrlPage" name="LoginWithvalidCredentials" time="3.411"/>
</testsuite> <!-- practiceTest.TestAlertUrlPage -->
